tests/e2e/task-atomic-anatomy.test.ts(708,11): error TS6133: 'originalTask' is declared but its value is never read.
tests/graph/block-extractor.test.ts(5,48): error TS6133: 'afterEach' is declared but its value is never read.
tests/ideation/message-store.test.ts(63,13): error TS6133: 'message' is declared but its value is never read.
tests/ideation/message-store.test.ts(114,13): error TS6133: 'message' is declared but its value is never read.
tests/ideation/pre-answered-mapper.test.ts(12,10): error TS6133: 'createEmptySignals' is declared but its value is never read.
tests/ideation/session-manager.test.ts(63,13): error TS6133: 'session' is declared but its value is never read.
tests/ideation/session-manager.test.ts(275,22): error TS6133: 'saveDb' is declared but its value is never read.
tests/ideation/session-manager.test.ts(327,22): error TS6133: 'saveDb' is declared but its value is never read.
tests/ideation/session-manager.test.ts(374,22): error TS6133: 'saveDb' is declared but its value is never read.
tests/ideation/session-manager.test.ts(422,22): error TS6133: 'saveDb' is declared but its value is never read.
tests/ideation/streaming.test.ts(1,38): error TS6133: 'beforeEach' is declared but its value is never read.
tests/ideation/web-search.test.ts(1,34): error TS6133: 'vi' is declared but its value is never read.
tests/ideation/witty-interjections.test.ts(1,34): error TS6133: 'vi' is declared but its value is never read.
tests/ideation/witty-interjections.test.ts(1,38): error TS6133: 'beforeEach' is declared but its value is never read.
tests/ideation/witty-interjections.test.ts(1,50): error TS6133: 'afterEach' is declared but its value is never read.
tests/ideation/witty-interjections.test.ts(5,3): error TS6133: 'maybeInjectWit' is declared but its value is never read.
tests/integration/anthropic-client.test.ts(1,32): error TS6133: 'vi' is declared but its value is never read.
tests/integration/memory-graph-migration.test.ts(8,34): error TS6133: 'beforeAll' is declared but its value is never read.
tests/integration/memory-graph-migration.test.ts(8,55): error TS6133: 'vi' is declared but its value is never read.
tests/integration/memory-graph-migration.test.ts(12,1): error TS6133: 'graphQueryService' is declared but its value is never read.
tests/integration/memory-graph-migration.test.ts(211,13): error TS6133: 'db' is declared but its value is never read.
tests/integration/observability/api-to-db.test.ts(7,32): error TS6133: 'beforeAll' is declared but its value is never read.
tests/integration/observability/api-to-db.test.ts(7,43): error TS6133: 'afterAll' is declared but its value is never read.
tests/integration/observability/api-to-db.test.ts(7,53): error TS6133: 'beforeEach' is declared but its value is never read.
tests/integration/observability/python-producer-api.test.ts(369,13): error TS6133: 'transcriptResult' is declared but its value is never read.
tests/integration/parallel-execution.test.ts(1,32): error TS6133: 'vi' is declared but its value is never read.
tests/integration/parallel-execution.test.ts(23,11): error TS6133: 'duration' is declared but its value is never read.
tests/integration/supersession-flow.test.ts(14,34): error TS6133: 'vi' is declared but its value is never read.
tests/integration/supersession-flow.test.ts(14,38): error TS6133: 'beforeEach' is declared but its value is never read.
tests/integration/supersession-flow.test.ts(23,13): error TS6133: 'conversationMessages' is declared but its value is never read.
tests/knowledge-base.test.ts(129,13): error TS6133: 'pattern' is declared but its value is never read.
tests/knowledge-base.test.ts(135,13): error TS6133: 'pattern' is declared but its value is never read.
tests/spec-agent/acceptance.test.ts(53,7): error TS6133: 'VALID_PHASES' is declared but its value is never read.
tests/spec-agent/acceptance.test.ts(182,9): error TS6133: 'refSections' is declared but its value is never read.
tests/spec-agent/acceptance.test.ts(187,9): error TS6133: 'refFrontmatter' is declared but its value is never read.
tests/specification/claude-client.test.ts(8,3): error TS6133: 'AtomicTask' is declared but its value is never read.
tests/specification/claude-client.test.ts(13,3): error TS6133: 'Gotcha' is declared but its value is never read.
tests/specification/context-loader.test.ts(11,1): error TS6133: 'path' is declared but its value is never read.
tests/specification/gotcha-injector.test.ts(8,3): error TS6133: 'Gotcha' is declared but its value is never read.
tests/specification/question-generator.test.ts(8,3): error TS6133: 'Question' is declared but its value is never read.
tests/specification/question-generator.test.ts(9,3): error TS6133: 'QuestionType' is declared but its value is never read.
tests/specification/question-generator.test.ts(10,3): error TS6133: 'QuestionResult' is declared but its value is never read.
tests/specification/task-generator.test.ts(8,3): error TS6133: 'AtomicTask' is declared but its value is never read.
tests/specification/task-generator.test.ts(10,3): error TS6133: 'TaskGeneratorOptions' is declared but its value is never read.
tests/specification/task-generator.test.ts(11,3): error TS6133: 'GeneratedTasks' is declared but its value is never read.
tests/sync-development.test.ts(8,32): error TS6133: 'beforeAll' is declared but its value is never read.
tests/sync-development.test.ts(8,43): error TS6133: 'afterAll' is declared but its value is never read.
